Android Studio Project/Grand Slam Baseball Allstars 2 Electric Boogaloo/build/outputs/logs/manifest-merger-debug-report.txt
-- Merging decision tree log ---
manifest
ADDED from src\main\AndroidManifest.xml:2:1-25:12
INJECTED from src\main\AndroidManifest.xml:2:1-25:12
INJECTED from src\main\AndroidManifest.xml:2:1-25:12
INJECTED from src\main\AndroidManifest.xml:2:1-25:12
MERGED from [:android.arch.lifecycle.runtime-1.0.0:] AndroidManifest.xml:17:1-30:12
MERGED from [:com.android.support.support-compat-26.1.0:] AndroidManifest.xml:17:1-31:12
MERGED from [:com.android.support.support-core-ui-26.1.0:] AndroidManifest.xml:17:1-31:12
MERGED from [:com.android.support.support-core-utils-26.1.0:] AndroidManifest.xml:17:1-31:12
MERGED from [:com.android.support.support-fragment-26.1.0:] AndroidManifest.xml:17:1-31:12
MERGED from [:com.android.support.support-media-compat-26.1.0:] AndroidManifest.xml:17:1-31:12
MERGED from [:com.android.support.support-v4-26.1.0:] AndroidManifest.xml:17:1-31:12
MERGED from [:com.google.android.gms.play-services-base-12.0.1:] AndroidManifest.xml:17:1-29:12
MERGED from [:com.google.android.gms.play-services-base-license-12.0.1:] AndroidManifest.xml:17:1-24:12
MERGED from [:com.google.android.gms.play-services-basement-12.0.1:] AndroidManifest.xml:17:1-28:12
MERGED from [:com.google.android.gms.play-services-basement-license-12.0.1:] AndroidManifest.xml:17:1-24:12
MERGED from [:com.google.android.gms.play-services-tasks-12.0.1:] AndroidManifest.xml:2:1-9:12
MERGED from [:com.google.android.gms.play-services-tasks-license-12.0.1:] AndroidManifest.xml:17:1-24:12
MERGED from [:com.google.firebase.firebase-analytics-12.0.1:] AndroidManifest.xml:17:1-54:12
MERGED from [:com.google.firebase.firebase-analytics-impl-12.0.1:] AndroidManifest.xml:17:1-40:12
MERGED from [:com.google.firebase.firebase-analytics-impl-license-12.0.1:] AndroidManifest.xml:17:1-24:12
MERGED from [:com.google.firebase.firebase-analytics-license-12.0.1:] AndroidManifest.xml:17:1-24:12
MERGED from [:com.google.firebase.firebase-app-unity-4.5.1:] AndroidManifest.xml:3:1-8:12
MERGED from [:com.google.firebase.firebase-auth-12.0.1:] AndroidManifest.xml:17:1-32:12
MERGED from [:com.google.firebase.firebase-auth-license-12.0.1:] AndroidManifest.xml:17:1-24:12
MERGED from [:com.google.firebase.firebase-auth-unity-4.5.1:] AndroidManifest.xml:3:1-8:12
MERGED from [:com.google.firebase.firebase-common-12.0.1:] AndroidManifest.xml:2:1-15:12
MERGED from [:com.google.firebase.firebase-common-license-12.0.1:] AndroidManifest.xml:17:1-24:12
MERGED from [:com.google.firebase.firebase-core-12.0.1:] AndroidManifest.xml:2:1-6:12
MERGED from [:com.google.firebase.firebase-iid-12.0.1:] AndroidManifest.xml:17:1-59:12
MERGED from [:com.google.firebase.firebase-iid-license-12.0.1:] AndroidManifest.xml:17:1-24:12
MERGED from [:Firebase] AndroidManifest.xml:10:1-19:12
INJECTED from src\main\AndroidManifest.xml:2:1-25:12
INJECTED from src\main\AndroidManifest.xml:2:1-25:12
INJECTED from src\main\AndroidManifest.xml:2:1-25:12
	package
		ADDED from src\main\AndroidManifest.xml:2:70-111
		INJECTED from src\main\AndroidManifest.xml
		INJECTED from src\main\AndroidManifest.xml
	android:versionName
		ADDED from src\main\AndroidManifest.xml:2:159-184
		INJECTED from src\main\AndroidManifest.xml
		INJECTED from src\main\AndroidManifest.xml
	xmlns:tools
		ADDED from src\main\AndroidManifest.xml:2:112-158
	xmlns:android
		ADDED from src\main\AndroidManifest.xml:2:11-69
	android:versionCode
		ADDED from src\main\AndroidManifest.xml:2:185-208
		INJECTED from src\main\AndroidManifest.xml
		INJECTED from src\main\AndroidManifest.xml
	android:installLocation
		ADDED from src\main\AndroidManifest.xml:2:209-249
supports-screens
ADDED from src\main\AndroidManifest.xml:3:3-163
	android:largeScreens
		ADDED from src\main\AndroidManifest.xml:3:78-105
	android:smallScreens
		ADDED from src\main\AndroidManifest.xml:3:21-48
	android:normalScreens
		ADDED from src\main\AndroidManifest.xml:3:49-77
	android:xlargeScreens
		ADDED from src\main\AndroidManifest.xml:3:106-134
	android:anyDensity
		ADDED from src\main\AndroidManifest.xml:3:135-160
application
ADDED from src\main\AndroidManifest.xml:4:3-16:17
MERGED from [:android.arch.lifecycle.runtime-1.0.0:] AndroidManifest.xml:24:5-28:19
MERGED from [:android.arch.lifecycle.runtime-1.0.0:] AndroidManifest.xml:24:5-28:19
MERGED from [:com.android.support.support-compat-26.1.0:] AndroidManifest.xml:25:5-29:19
MERGED from [:com.android.support.support-compat-26.1.0:] AndroidManifest.xml:25:5-29:19
MERGED from [:com.android.support.support-core-ui-26.1.0:] AndroidManifest.xml:25:5-29:19
MERGED from [:com.android.support.support-core-ui-26.1.0:] AndroidManifest.xml:25:5-29:19
MERGED from [:com.android.support.support-core-utils-26.1.0:] AndroidManifest.xml:25:5-29:19
MERGED from [:com.android.support.support-core-utils-26.1.0:] AndroidManifest.xml:25:5-29:19
MERGED from [:com.android.support.support-fragment-26.1.0:] AndroidManifest.xml:25:5-29:19
MERGED from [:com.android.support.support-fragment-26.1.0:] AndroidManifest.xml:25:5-29:19
MERGED from [:com.android.support.support-media-compat-26.1.0:] AndroidManifest.xml:25:5-29:19
MERGED from [:com.android.support.support-media-compat-26.1.0:] AndroidManifest.xml:25:5-29:19
MERGED from [:com.android.support.support-v4-26.1.0:] AndroidManifest.xml:25:5-29:19
MERGED from [:com.android.support.support-v4-26.1.0:] AndroidManifest.xml:25:5-29:19
MERGED from [:com.google.android.gms.play-services-base-12.0.1:] AndroidManifest.xml:22:5-27:19
MERGED from [:com.google.android.gms.play-services-base-12.0.1:] AndroidManifest.xml:22:5-27:19
MERGED from [:com.google.android.gms.play-services-base-license-12.0.1:] AndroidManifest.xml:22:5-20
MERGED from [:com.google.android.gms.play-services-base-license-12.0.1:] AndroidManifest.xml:22:5-20
MERGED from [:com.google.android.gms.play-services-basement-12.0.1:] AndroidManifest.xml:22:5-26:19
MERGED from [:com.google.android.gms.play-services-basement-12.0.1:] AndroidManifest.xml:22:5-26:19
MERGED from [:com.google.android.gms.play-services-basement-license-12.0.1:] AndroidManifest.xml:22:5-20
MERGED from [:com.google.android.gms.play-services-basement-license-12.0.1:] AndroidManifest.xml:22:5-20
MERGED from [:com.google.android.gms.play-services-tasks-12.0.1:] AndroidManifest.xml:7:5-20
MERGED from [:com.google.android.gms.play-services-tasks-12.0.1:] AndroidManifest.xml:7:5-20
MERGED from [:com.google.android.gms.play-services-tasks-license-12.0.1:] AndroidManifest.xml:22:5-20
MERGED from [:com.google.android.gms.play-services-tasks-license-12.0.1:] AndroidManifest.xml:22:5-20
MERGED from [:com.google.firebase.firebase-analytics-12.0.1:] AndroidManifest.xml:27:5-52:19
MERGED from [:com.google.firebase.firebase-analytics-12.0.1:] AndroidManifest.xml:27:5-52:19
MERGED from [:com.google.firebase.firebase-analytics-impl-12.0.1:] AndroidManifest.xml:27:5-38:19
MERGED from [:com.google.firebase.firebase-analytics-impl-12.0.1:] AndroidManifest.xml:27:5-38:19
MERGED from [:com.google.firebase.firebase-analytics-impl-license-12.0.1:] AndroidManifest.xml:22:5-20
MERGED from [:com.google.firebase.firebase-analytics-impl-license-12.0.1:] AndroidManifest.xml:22:5-20
MERGED from [:com.google.firebase.firebase-analytics-license-12.0.1:] AndroidManifest.xml:22:5-20
MERGED from [:com.google.firebase.firebase-analytics-license-12.0.1:] AndroidManifest.xml:22:5-20
MERGED from [:com.google.firebase.firebase-auth-12.0.1:] AndroidManifest.xml:22:5-30:19
MERGED from [:com.google.firebase.firebase-auth-12.0.1:] AndroidManifest.xml:22:5-30:19
MERGED from [:com.google.firebase.firebase-auth-license-12.0.1:] AndroidManifest.xml:22:5-20
MERGED from [:com.google.firebase.firebase-auth-license-12.0.1:] AndroidManifest.xml:22:5-20
MERGED from [:com.google.firebase.firebase-common-12.0.1:] AndroidManifest.xml:7:5-13:19
MERGED from [:com.google.firebase.firebase-common-12.0.1:] AndroidManifest.xml:7:5-13:19
MERGED from [:com.google.firebase.firebase-common-license-12.0.1:] AndroidManifest.xml:22:5-20
MERGED from [:com.google.firebase.firebase-common-license-12.0.1:] AndroidManifest.xml:22:5-20
MERGED from [:com.google.firebase.firebase-core-12.0.1:] AndroidManifest.xml:5:5-20
MERGED from [:com.google.firebase.firebase-core-12.0.1:] AndroidManifest.xml:5:5-20
MERGED from [:com.google.firebase.firebase-iid-12.0.1:] AndroidManifest.xml:34:5-57:19
MERGED from [:com.google.firebase.firebase-iid-12.0.1:] AndroidManifest.xml:34:5-57:19
MERGED from [:com.google.firebase.firebase-iid-license-12.0.1:] AndroidManifest.xml:22:5-20
MERGED from [:com.google.firebase.firebase-iid-license-12.0.1:] AndroidManifest.xml:22:5-20
	android:label
		ADDED from src\main\AndroidManifest.xml:4:92-124
	android:icon
		ADDED from src\main\AndroidManifest.xml:4:58-91
	android:banner
		ADDED from src\main\AndroidManifest.xml:4:148-185
	android:theme
		ADDED from src\main\AndroidManifest.xml:4:16-57
	android:isGame
		ADDED from src\main\AndroidManifest.xml:4:125-147
activity#com.ucfstuds.grandslambaseball2.UnityPlayerActivity
ADDED from src\main\AndroidManifest.xml:5:5-11:16
	android:screenOrientation
		ADDED from src\main\AndroidManifest.xml:5:48-86
	android:label
		ADDED from src\main\AndroidManifest.xml:5:15-47
	android:launchMode
		ADDED from src\main\AndroidManifest.xml:5:87-118
	android:hardwareAccelerated
		ADDED from src\main\AndroidManifest.xml:5:301-336
	android:configChanges
		ADDED from src\main\AndroidManifest.xml:5:119-300
	android:name
		ADDED from src\main\AndroidManifest.xml:5:337-403
intent-filter#action:name:android.intent.action.MAIN+category:name:android.intent.category.LAUNCHER
ADDED from src\main\AndroidManifest.xml:6:7-9:23
action#android.intent.action.MAIN
ADDED from src\main\AndroidManifest.xml:7:9-61
	android:name
		ADDED from src\main\AndroidManifest.xml:7:17-58
category#android.intent.category.LAUNCHER
ADDED from src\main\AndroidManifest.xml:8:9-69
	android:name
		ADDED from src\main\AndroidManifest.xml:8:19-66
meta-data#unityplayer.UnityActivity
ADDED from src\main\AndroidManifest.xml:10:7-82
	android:value
		ADDED from src\main\AndroidManifest.xml:10:59-79
	android:name
		ADDED from src\main\AndroidManifest.xml:10:18-58
meta-data#unity.build-id
ADDED from src\main\AndroidManifest.xml:12:5-101
	android:value
		ADDED from src\main\AndroidManifest.xml:12:46-98
	android:name
		ADDED from src\main\AndroidManifest.xml:12:16-45
meta-data#unity.splash-mode
ADDED from src\main\AndroidManifest.xml:13:5-69
	android:value
		ADDED from src\main\AndroidManifest.xml:13:49-66
	android:name
		ADDED from src\main\AndroidManifest.xml:13:16-48
meta-data#unity.splash-enable
ADDED from src\main\AndroidManifest.xml:14:5-74
	android:value
		ADDED from src\main\AndroidManifest.xml:14:51-71
	android:name
		ADDED from src\main\AndroidManifest.xml:14:16-50
meta-data#android.max_aspect
ADDED from src\main\AndroidManifest.xml:15:5-72
	android:value
		ADDED from src\main\AndroidManifest.xml:15:50-69
	android:name
		ADDED from src\main\AndroidManifest.xml:15:16-49
uses-sdk
ADDED from src\main\AndroidManifest.xml:17:3-72
INJECTED from src\main\AndroidManifest.xml:17:3-72
MERGED from [:android.arch.lifecycle.runtime-1.0.0:] AndroidManifest.xml:20:5-22:41
MERGED from [:android.arch.lifecycle.runtime-1.0.0:] AndroidManifest.xml:20:5-22:41
MERGED from [:com.android.support.support-compat-26.1.0:] AndroidManifest.xml:21:5-23:58
MERGED from [:com.android.support.support-compat-26.1.0:] AndroidManifest.xml:21:5-23:58
MERGED from [:com.android.support.support-core-ui-26.1.0:] AndroidManifest.xml:21:5-23:58
MERGED from [:com.android.support.support-core-ui-26.1.0:] AndroidManifest.xml:21:5-23:58
MERGED from [:com.android.support.support-core-utils-26.1.0:] AndroidManifest.xml:21:5-23:61
MERGED from [:com.android.support.support-core-utils-26.1.0:] AndroidManifest.xml:21:5-23:61
MERGED from [:com.android.support.support-fragment-26.1.0:] AndroidManifest.xml:21:5-23:60
MERGED from [:com.android.support.support-fragment-26.1.0:] AndroidManifest.xml:21:5-23:60
MERGED from [:com.android.support.support-media-compat-26.1.0:] AndroidManifest.xml:21:5-23:63
MERGED from [:com.android.support.support-media-compat-26.1.0:] AndroidManifest.xml:21:5-23:63
MERGED from [:com.android.support.support-v4-26.1.0:] AndroidManifest.xml:21:5-23:54
MERGED from [:com.android.support.support-v4-26.1.0:] AndroidManifest.xml:21:5-23:54
MERGED from [:com.google.android.gms.play-services-base-12.0.1:] AndroidManifest.xml:20:5-44
MERGED from [:com.google.android.gms.play-services-base-12.0.1:] AndroidManifest.xml:20:5-44
MERGED from [:com.google.android.gms.play-services-base-license-12.0.1:] AndroidManifest.xml:20:5-44
MERGED from [:com.google.android.gms.play-services-base-license-12.0.1:] AndroidManifest.xml:20:5-44
MERGED from [:com.google.android.gms.play-services-basement-12.0.1:] AndroidManifest.xml:20:5-44
MERGED from [:com.google.android.gms.play-services-basement-12.0.1:] AndroidManifest.xml:20:5-44
MERGED from [:com.google.android.gms.play-services-basement-license-12.0.1:] AndroidManifest.xml:20:5-44
MERGED from [:com.google.android.gms.play-services-basement-license-12.0.1:] AndroidManifest.xml:20:5-44
MERGED from [:com.google.android.gms.play-services-tasks-12.0.1:] AndroidManifest.xml:5:5-44
MERGED from [:com.google.android.gms.play-services-tasks-12.0.1:] AndroidManifest.xml:5:5-44
MERGED from [:com.google.android.gms.play-services-tasks-license-12.0.1:] AndroidManifest.xml:20:5-44
MERGED from [:com.google.android.gms.play-services-tasks-license-12.0.1:] AndroidManifest.xml:20:5-44
MERGED from [:com.google.firebase.firebase-analytics-12.0.1:] AndroidManifest.xml:20:5-44
MERGED from [:com.google.firebase.firebase-analytics-12.0.1:] AndroidManifest.xml:20:5-44
MERGED from [:com.google.firebase.firebase-analytics-impl-12.0.1:] AndroidManifest.xml:20:5-44
MERGED from [:com.google.firebase.firebase-analytics-impl-12.0.1:] AndroidManifest.xml:20:5-44
MERGED from [:com.google.firebase.firebase-analytics-impl-license-12.0.1:] AndroidManifest.xml:20:5-44
MERGED from [:com.google.firebase.firebase-analytics-impl-license-12.0.1:] AndroidManifest.xml:20:5-44
MERGED from [:com.google.firebase.firebase-analytics-license-12.0.1:] AndroidManifest.xml:20:5-44
MERGED from [:com.google.firebase.firebase-analytics-license-12.0.1:] AndroidManifest.xml:20:5-44
MERGED from [:com.google.firebase.firebase-app-unity-4.5.1:] AndroidManifest.xml:7:3-41
MERGED from [:com.google.firebase.firebase-app-unity-4.5.1:] AndroidManifest.xml:7:3-41
MERGED from [:com.google.firebase.firebase-auth-12.0.1:] AndroidManifest.xml:20:5-44
MERGED from [:com.google.firebase.firebase-auth-12.0.1:] AndroidManifest.xml:20:5-44
MERGED from [:com.google.firebase.firebase-auth-license-12.0.1:] AndroidManifest.xml:20:5-44
MERGED from [:com.google.firebase.firebase-auth-license-12.0.1:] AndroidManifest.xml:20:5-44
MERGED from [:com.google.firebase.firebase-auth-unity-4.5.1:] AndroidManifest.xml:7:3-41
MERGED from [:com.google.firebase.firebase-auth-unity-4.5.1:] AndroidManifest.xml:7:3-41
MERGED from [:com.google.firebase.firebase-common-12.0.1:] AndroidManifest.xml:5:5-44
MERGED from [:com.google.firebase.firebase-common-12.0.1:] AndroidManifest.xml:5:5-44
MERGED from [:com.google.firebase.firebase-common-license-12.0.1:] AndroidManifest.xml:20:5-44
MERGED from [:com.google.firebase.firebase-common-license-12.0.1:] AndroidManifest.xml:20:5-44
MERGED from [:com.google.firebase.firebase-core-12.0.1:] AndroidManifest.xml:4:5-43
MERGED from [:com.google.firebase.firebase-core-12.0.1:] AndroidManifest.xml:4:5-43
MERGED from [:com.google.firebase.firebase-iid-12.0.1:] AndroidManifest.xml:20:5-44
MERGED from [:com.google.firebase.firebase-iid-12.0.1:] AndroidManifest.xml:20:5-44
MERGED from [:com.google.firebase.firebase-iid-license-12.0.1:] AndroidManifest.xml:20:5-44
MERGED from [:com.google.firebase.firebase-iid-license-12.0.1:] AndroidManifest.xml:20:5-44
MERGED from [:Firebase] AndroidManifest.xml:15:5-17:40
MERGED from [:Firebase] AndroidManifest.xml:15:5-17:40
INJECTED from src\main\AndroidManifest.xml:17:3-72
	tools:overrideLibrary
		ADDED from [:com.android.support.support-compat-26.1.0:] AndroidManifest.xml:23:9-55
	android:targetSdkVersion
		ADDED from src\main\AndroidManifest.xml:17:40-69
		INJECTED from src\main\AndroidManifest.xml
		INJECTED from src\main\AndroidManifest.xml
	android:minSdkVersion
		ADDED from src\main\AndroidManifest.xml:17:13-39
uses-feature#0x00020000
ADDED from src\main\AndroidManifest.xml:18:3-52
	android:glEsVersion
		ADDED from src\main\AndroidManifest.xml:18:17-49
uses-permission#android.permission.INTERNET
ADDED from src\main\AndroidManifest.xml:19:3-65
MERGED from [:com.google.firebase.firebase-analytics-12.0.1:] AndroidManifest.xml:23:5-67
MERGED from [:com.google.firebase.firebase-analytics-12.0.1:] AndroidManifest.xml:23:5-67
MERGED from [:com.google.firebase.firebase-analytics-impl-12.0.1:] AndroidManifest.xml:23:5-67
MERGED from [:com.google.firebase.firebase-analytics-impl-12.0.1:] AndroidManifest.xml:23:5-67
MERGED from [:com.google.firebase.firebase-iid-12.0.1:] AndroidManifest.xml:23:5-67
MERGED from [:com.google.firebase.firebase-iid-12.0.1:] AndroidManifest.xml:23:5-67
	android:name
		ADDED from src\main\AndroidManifest.xml:19:20-62
uses-permission#android.permission.WRITE_EXTERNAL_STORAGE
ADDED from src\main\AndroidManifest.xml:20:3-106
	android:maxSdkVersion
		ADDED from src\main\AndroidManifest.xml:20:77-103
	android:name
		ADDED from src\main\AndroidManifest.xml:20:20-76
uses-permission#android.permission.READ_EXTERNAL_STORAGE
ADDED from src\main\AndroidManifest.xml:21:3-105
	android:maxSdkVersion
		ADDED from src\main\AndroidManifest.xml:21:76-102
	android:name
		ADDED from src\main\AndroidManifest.xml:21:20-75
uses-feature#android.hardware.touchscreen
ADDED from src\main\AndroidManifest.xml:22:3-88
	android:required
		ADDED from src\main\AndroidManifest.xml:22:61-85
	android:name
		ADDED from src\main\AndroidManifest.xml:22:17-60
uses-feature#android.hardware.touchscreen.multitouch
ADDED from src\main\AndroidManifest.xml:23:3-99
	android:required
		ADDED from src\main\AndroidManifest.xml:23:72-96
	android:name
		ADDED from src\main\AndroidManifest.xml:23:17-71
uses-feature#android.hardware.touchscreen.multitouch.distinct
ADDED from src\main\AndroidManifest.xml:24:3-108
	android:required
		ADDED from src\main\AndroidManifest.xml:24:81-105
	android:name
		ADDED from src\main\AndroidManifest.xml:24:17-80
meta-data#android.arch.lifecycle.VERSION
ADDED from [:android.arch.lifecycle.runtime-1.0.0:] AndroidManifest.xml:25:9-27:47
	android:value
		ADDED from [:android.arch.lifecycle.runtime-1.0.0:] AndroidManifest.xml:27:13-44
	android:name
		ADDED from [:android.arch.lifecycle.runtime-1.0.0:] AndroidManifest.xml:26:13-58
meta-data#android.support.VERSION
ADDED from [:com.android.support.support-compat-26.1.0:] AndroidManifest.xml:26:9-28:38
MERGED from [:com.android.support.support-core-ui-26.1.0:] AndroidManifest.xml:26:9-28:38
MERGED from [:com.android.support.support-core-ui-26.1.0:] AndroidManifest.xml:26:9-28:38
MERGED from [:com.android.support.support-core-utils-26.1.0:] AndroidManifest.xml:26:9-28:38
MERGED from [:com.android.support.support-core-utils-26.1.0:] AndroidManifest.xml:26:9-28:38
MERGED from [:com.android.support.support-fragment-26.1.0:] AndroidManifest.xml:26:9-28:38
MERGED from [:com.android.support.support-fragment-26.1.0:] AndroidManifest.xml:26:9-28:38
MERGED from [:com.android.support.support-media-compat-26.1.0:] AndroidManifest.xml:26:9-28:38
MERGED from [:com.android.support.support-media-compat-26.1.0:] AndroidManifest.xml:26:9-28:38
MERGED from [:com.android.support.support-v4-26.1.0:] AndroidManifest.xml:26:9-28:38
MERGED from [:com.android.support.support-v4-26.1.0:] AndroidManifest.xml:26:9-28:38
	android:value
		ADDED from [:com.android.support.support-compat-26.1.0:] AndroidManifest.xml:28:13-35
	android:name
		ADDED from [:com.android.support.support-compat-26.1.0:] AndroidManifest.xml:27:13-51
activity#com.google.android.gms.common.api.GoogleApiActivity
ADDED from [:com.google.android.gms.play-services-base-12.0.1:] AndroidManifest.xml:23:9-26:75
	android:exported
		ADDED from [:com.google.android.gms.play-services-base-12.0.1:] AndroidManifest.xml:25:13-37
	android:theme
		ADDED from [:com.google.android.gms.play-services-base-12.0.1:] AndroidManifest.xml:26:13-72
	android:name
		ADDED from [:com.google.android.gms.play-services-base-12.0.1:] AndroidManifest.xml:24:13-79
meta-data#com.google.android.gms.version
ADDED from [:com.google.android.gms.play-services-basement-12.0.1:] AndroidManifest.xml:23:9-25:69
	android:value
		ADDED from [:com.google.android.gms.play-services-basement-12.0.1:] AndroidManifest.xml:25:13-66
	android:name
		ADDED from [:com.google.android.gms.play-services-basement-12.0.1:] AndroidManifest.xml:24:13-58
uses-permission#android.permission.ACCESS_NETWORK_STATE
ADDED from [:com.google.firebase.firebase-analytics-12.0.1:] AndroidManifest.xml:24:5-79
MERGED from [:com.google.firebase.firebase-analytics-impl-12.0.1:] AndroidManifest.xml:24:5-79
MERGED from [:com.google.firebase.firebase-analytics-impl-12.0.1:] AndroidManifest.xml:24:5-79
MERGED from [:com.google.firebase.firebase-iid-12.0.1:] AndroidManifest.xml:22:5-79
MERGED from [:com.google.firebase.firebase-iid-12.0.1:] AndroidManifest.xml:22:5-79
	android:name
		ADDED from [:com.google.firebase.firebase-analytics-12.0.1:] AndroidManifest.xml:24:22-76
uses-permission#android.permission.WAKE_LOCK
ADDED from [:com.google.firebase.firebase-analytics-12.0.1:] AndroidManifest.xml:25:5-68
MERGED from [:com.google.firebase.firebase-analytics-impl-12.0.1:] AndroidManifest.xml:25:5-68
MERGED from [:com.google.firebase.firebase-analytics-impl-12.0.1:] AndroidManifest.xml:25:5-68
MERGED from [:com.google.firebase.firebase-iid-12.0.1:] AndroidManifest.xml:24:5-68
MERGED from [:com.google.firebase.firebase-iid-12.0.1:] AndroidManifest.xml:24:5-68
	android:name
		ADDED from [:com.google.firebase.firebase-analytics-12.0.1:] AndroidManifest.xml:25:22-65
receiver#com.google.android.gms.measurement.AppMeasurementReceiver
ADDED from [:com.google.firebase.firebase-analytics-12.0.1:] AndroidManifest.xml:28:9-32:20
MERGED from [:com.google.firebase.firebase-analytics-impl-12.0.1:] AndroidManifest.xml:28:9-32:20
MERGED from [:com.google.firebase.firebase-analytics-impl-12.0.1:] AndroidManifest.xml:28:9-32:20
	android:enabled
		ADDED from [:com.google.firebase.firebase-analytics-12.0.1:] AndroidManifest.xml:30:13-35
	android:exported
		ADDED from [:com.google.firebase.firebase-analytics-12.0.1:] AndroidManifest.xml:31:13-37
	android:name
		ADDED from [:com.google.firebase.firebase-analytics-12.0.1:] AndroidManifest.xml:29:13-85
receiver#com.google.android.gms.measurement.AppMeasurementInstallReferrerReceiver
ADDED from [:com.google.firebase.firebase-analytics-12.0.1:] AndroidManifest.xml:33:9-41:20
	android:enabled
		ADDED from [:com.google.firebase.firebase-analytics-12.0.1:] AndroidManifest.xml:35:13-35
	android:exported
		ADDED from [:com.google.firebase.firebase-analytics-12.0.1:] AndroidManifest.xml:36:13-36
	android:permission
		ADDED from [:com.google.firebase.firebase-analytics-12.0.1:] AndroidManifest.xml:37:13-69
	android:name
		ADDED from [:com.google.firebase.firebase-analytics-12.0.1:] AndroidManifest.xml:34:13-100
intent-filter#action:name:com.android.vending.INSTALL_REFERRER
ADDED from [:com.google.firebase.firebase-analytics-12.0.1:] AndroidManifest.xml:38:13-40:29
action#com.android.vending.INSTALL_REFERRER
ADDED from [:com.google.firebase.firebase-analytics-12.0.1:] AndroidManifest.xml:39:17-79
	android:name
		ADDED from [:com.google.firebase.firebase-analytics-12.0.1:] AndroidManifest.xml:39:25-76
service#com.google.android.gms.measurement.AppMeasurementService
ADDED from [:com.google.firebase.firebase-analytics-12.0.1:] AndroidManifest.xml:43:9-46:40
MERGED from [:com.google.firebase.firebase-analytics-impl-12.0.1:] AndroidManifest.xml:34:9-37:40
MERGED from [:com.google.firebase.firebase-analytics-impl-12.0.1:] AndroidManifest.xml:34:9-37:40
	android:enabled
		ADDED from [:com.google.firebase.firebase-analytics-12.0.1:] AndroidManifest.xml:45:13-35
	android:exported
		ADDED from [:com.google.firebase.firebase-analytics-12.0.1:] AndroidManifest.xml:46:13-37
	android:name
		ADDED from [:com.google.firebase.firebase-analytics-12.0.1:] AndroidManifest.xml:44:13-84
service#com.google.android.gms.measurement.AppMeasurementJobService
ADDED from [:com.google.firebase.firebase-analytics-12.0.1:] AndroidManifest.xml:47:9-51:72
	android:enabled
		ADDED from [:com.google.firebase.firebase-analytics-12.0.1:] AndroidManifest.xml:49:13-35
	android:exported
		ADDED from [:com.google.firebase.firebase-analytics-12.0.1:] AndroidManifest.xml:50:13-37
	android:permission
		ADDED from [:com.google.firebase.firebase-analytics-12.0.1:] AndroidManifest.xml:51:13-69
	android:name
		ADDED from [:com.google.firebase.firebase-analytics-12.0.1:] AndroidManifest.xml:48:13-87
activity#com.google.firebase.auth.internal.FederatedSignInActivity
ADDED from [:com.google.firebase.firebase-auth-12.0.1:] AndroidManifest.xml:23:9-29:75
	android:excludeFromRecents
		ADDED from [:com.google.firebase.firebase-auth-12.0.1:] AndroidManifest.xml:25:13-46
	android:launchMode
		ADDED from [:com.google.firebase.firebase-auth-12.0.1:] AndroidManifest.xml:27:13-48
	android:exported
		ADDED from [:com.google.firebase.firebase-auth-12.0.1:] AndroidManifest.xml:26:13-36
	android:permission
		ADDED from [:com.google.firebase.firebase-auth-12.0.1:] AndroidManifest.xml:28:13-102
	android:theme
		ADDED from [:com.google.firebase.firebase-auth-12.0.1:] AndroidManifest.xml:29:13-72
	android:name
		ADDED from [:com.google.firebase.firebase-auth-12.0.1:] AndroidManifest.xml:24:13-85
provider#com.google.firebase.provider.FirebaseInitProvider
ADDED from [:com.google.firebase.firebase-common-12.0.1:] AndroidManifest.xml:8:9-12:39
	android:authorities
		ADDED from [:com.google.firebase.firebase-common-12.0.1:] AndroidManifest.xml:10:13-105
	android:exported
		ADDED from [:com.google.firebase.firebase-common-12.0.1:] AndroidManifest.xml:11:13-37
	android:initOrder
		ADDED from [:com.google.firebase.firebase-common-12.0.1:] AndroidManifest.xml:12:13-36
	android:name
		ADDED from [:com.google.firebase.firebase-common-12.0.1:] AndroidManifest.xml:9:13-77
uses-permission#com.google.android.c2dm.permission.RECEIVE
ADDED from [:com.google.firebase.firebase-iid-12.0.1:] AndroidManifest.xml:26:5-82
	android:name
		ADDED from [:com.google.firebase.firebase-iid-12.0.1:] AndroidManifest.xml:26:22-79
permission#com.ucfstuds.GrandSlamAllstarsTwoElectricBoogaloo.permission.C2D_MESSAGE
ADDED from [:com.google.firebase.firebase-iid-12.0.1:] AndroidManifest.xml:28:5-30:47
	android:protectionLevel
		ADDED from [:com.google.firebase.firebase-iid-12.0.1:] AndroidManifest.xml:30:9-44
	android:name
		ADDED from [:com.google.firebase.firebase-iid-12.0.1:] AndroidManifest.xml:29:9-96
uses-permission#com.ucfstuds.GrandSlamAllstarsTwoElectricBoogaloo.permission.C2D_MESSAGE
ADDED from [:com.google.firebase.firebase-iid-12.0.1:] AndroidManifest.xml:32:5-112
	android:name
		ADDED from [:com.google.firebase.firebase-iid-12.0.1:] AndroidManifest.xml:32:22-109
receiver#com.google.firebase.iid.FirebaseInstanceIdReceiver
ADDED from [:com.google.firebase.firebase-iid-12.0.1:] AndroidManifest.xml:35:9-44:20
	android:exported
		ADDED from [:com.google.firebase.firebase-iid-12.0.1:] AndroidManifest.xml:37:13-36
	android:permission
		ADDED from [:com.google.firebase.firebase-iid-12.0.1:] AndroidManifest.xml:38:13-73
	android:name
		ADDED from [:com.google.firebase.firebase-iid-12.0.1:] AndroidManifest.xml:36:13-78
intent-filter#action:name:com.google.android.c2dm.intent.RECEIVE+category:name:com.ucfstuds.GrandSlamAllstarsTwoElectricBoogaloo
ADDED from [:com.google.firebase.firebase-iid-12.0.1:] AndroidManifest.xml:39:13-43:29
action#com.google.android.c2dm.intent.RECEIVE
ADDED from [:com.google.firebase.firebase-iid-12.0.1:] AndroidManifest.xml:40:17-81
	android:name
		ADDED from [:com.google.firebase.firebase-iid-12.0.1:] AndroidManifest.xml:40:25-78
category#com.ucfstuds.GrandSlamAllstarsTwoElectricBoogaloo
ADDED from [:com.google.firebase.firebase-iid-12.0.1:] AndroidManifest.xml:42:17-94
	android:name
		ADDED from [:com.google.firebase.firebase-iid-12.0.1:] AndroidManifest.xml:42:27-91
service#com.google.firebase.iid.FirebaseInstanceIdService
ADDED from [:com.google.firebase.firebase-iid-12.0.1:] AndroidManifest.xml:50:9-56:19
	android:exported
		ADDED from [:com.google.firebase.firebase-iid-12.0.1:] AndroidManifest.xml:52:13-36
	android:name
		ADDED from [:com.google.firebase.firebase-iid-12.0.1:] AndroidManifest.xml:51:13-77
intent-filter#action:name:com.google.firebase.INSTANCE_ID_EVENT
ADDED from [:com.google.firebase.firebase-iid-12.0.1:] AndroidManifest.xml:53:13-55:29
	android:priority
		ADDED from [:com.google.firebase.firebase-iid-12.0.1:] AndroidManifest.xml:53:28-51
action#com.google.firebase.INSTANCE_ID_EVENT
ADDED from [:com.google.firebase.firebase-iid-12.0.1:] AndroidManifest.xml:54:17-80
	android:name
		ADDED from [:com.google.firebase.firebase-iid-12.0.1:] AndroidManifest.xml:54:25-77